<?xml version="1.0" encoding="utf-8"?><testsuites name="pytest tests"><testsuite name="pytest" errors="0" failures="0" skipped="13" tests="186" time="1.246" timestamp="2026-04-19T04:30:24.025146+02:00" hostname="tine-zivic-LOQ-15ARP9"><testcase classname="tests.io.formats.test_format.TestDataFrameFormatting" name="test_repr_truncation" time="0.011" /><testcase classname="tests.io.formats.test_format.TestDataFrameFormatting" name="test_repr_truncation_preserves_na" time="0.003" /><testcase classname="tests.io.formats.test_format.TestDataFrameFormatting" name="test_repr_truncation_dataframe_attrs" time="0.001" /><testcase classname="tests.io.formats.test_format.TestDataFrameFormatting" name="test_repr_truncation_series_with_dataframe_attrs" time="0.001" /><testcase classname="tests.io.formats.test_format.TestDataFrameFormatting" name="test_max_colwidth_negative_int_raises" time="0.000" /><testcase classname="tests.io.formats.test_format.TestDataFrameFormatting" name="test_repr_chop_threshold" time="0.009" /><testcase classname="tests.io.formats.test_format.TestDataFrameFormatting" name="test_repr_chop_threshold_column_below" time="0.008" /><testcase classname="tests.io.formats.test_format.TestDataFrameFormatting" name="test_repr_no_backslash" time="0.004" /><testcase classname="tests.io.formats.test_format.TestDataFrameFormatting" name="test_expand_frame_repr" time="0.023" /><testcase classname="tests.io.formats.test_format.TestDataFrameFormatting" name="test_repr_non_interactive" time="0.059" /><testcase classname="tests.io.formats.test_format.TestDataFrameFormatting" name="test_repr_truncates_terminal_size" time="0.008" /><testcase classname="tests.io.formats.test_format.TestDataFrameFormatting" name="test_repr_truncates_terminal_size_full" time="0.005" /><testcase classname="tests.io.formats.test_format.TestDataFrameFormatting" name="test_repr_truncation_column_size" time="0.009" /><testcase classname="tests.io.formats.test_format.TestDataFrameFormatting" name="test_repr_max_columns_max_rows" time="0.023" /><testcase classname="tests.io.formats.test_format.TestDataFrameFormatting" name="test_repr_min_rows" time="0.021" /><testcase classname="tests.io.formats.test_format.TestDataFrameFormatting" name="test_repr_float_formatting_html_output[12345.6789-{:12.3f}-12345.679]" time="0.002" /><testcase classname="tests.io.formats.test_format.TestDataFrameFormatting" name="test_repr_float_formatting_html_output[None-{:.3f}-None]" time="0.001" /><testcase classname="tests.io.formats.test_format.TestDataFrameFormatting" name="test_repr_float_formatting_html_output[-{:.2f}-]" time="0.001" /><testcase classname="tests.io.formats.test_format.TestDataFrameFormatting" name="test_repr_float_formatting_html_output[112345.6789-{:6.3f}-112345.679]" time="0.001" /><testcase classname="tests.io.formats.test_format.TestDataFrameFormatting" name="test_repr_float_formatting_html_output[foo      foo-None-foo&amp;nbsp;&amp;nbsp;&amp;nbsp;&amp;nbsp;&amp;nbsp;&amp;nbsp;foo]" time="0.001" /><testcase classname="tests.io.formats.test_format.TestDataFrameFormatting" name="test_repr_float_formatting_html_output[ foo-None-foo]" time="0.001" /><testcase classname="tests.io.formats.test_format.TestDataFrameFormatting" name="test_repr_float_formatting_html_output[foo foo       foo-None-foo foo&amp;nbsp;&amp;nbsp;&amp;nbsp;&amp;nbsp;&amp;nbsp;&amp;nbsp; foo]" time="0.001" /><testcase classname="tests.io.formats.test_format.TestDataFrameFormatting" name="test_repr_float_formatting_html_output[foo foo    foo-None-foo foo&amp;nbsp;&amp;nbsp;&amp;nbsp;&amp;nbsp;foo]" time="0.001" /><testcase classname="tests.io.formats.test_format.TestDataFrameFormatting" name="test_str_max_colwidth" time="0.010" /><testcase classname="tests.io.formats.test_format.TestDataFrameFormatting" name="test_auto_detect" time="0.196" /><testcase classname="tests.io.formats.test_format.TestDataFrameFormatting" name="test_to_string_repr_unicode2" time="0.001" /><testcase classname="tests.io.formats.test_format.TestDataFrameFormatting" name="test_east_asian_unicode_false" time="0.027" /><testcase classname="tests.io.formats.test_format.TestDataFrameFormatting" name="test_east_asian_unicode_true" time="0.034" /><testcase classname="tests.io.formats.test_format.TestDataFrameFormatting" name="test_to_string_buffer_all_unicode" time="0.003" /><testcase classname="tests.io.formats.test_format.TestDataFrameFormatting" name="test_to_string_truncate_indices[10-10-aaaaaaaaaa]" time="0.007" /><testcase classname="tests.io.formats.test_format.TestDataFrameFormatting" name="test_to_string_truncate_indices[10-10-1]" time="0.007" /><testcase classname="tests.io.formats.test_format.TestDataFrameFormatting" name="test_to_string_truncate_indices[10-10-index_scalar2]" time="0.007" /><testcase classname="tests.io.formats.test_format.TestDataFrameFormatting" name="test_to_string_truncate_indices[10-10-index_scalar3]" time="0.007" /><testcase classname="tests.io.formats.test_format.TestDataFrameFormatting" name="test_to_string_truncate_indices[10-20-aaaaaaaaaa]" time="0.008" /><testcase classname="tests.io.formats.test_format.TestDataFrameFormatting" name="test_to_string_truncate_indices[10-20-1]" time="0.007" /><testcase classname="tests.io.formats.test_format.TestDataFrameFormatting" name="test_to_string_truncate_indices[10-20-index_scalar2]" time="0.007" /><testcase classname="tests.io.formats.test_format.TestDataFrameFormatting" name="test_to_string_truncate_indices[10-20-index_scalar3]" time="0.007" /><testcase classname="tests.io.formats.test_format.TestDataFrameFormatting" name="test_to_string_truncate_indices[20-10-aaaaaaaaaa]" time="0.020" /><testcase classname="tests.io.formats.test_format.TestDataFrameFormatting" name="test_to_string_truncate_indices[20-10-1]" time="0.019" /><testcase classname="tests.io.formats.test_format.TestDataFrameFormatting" name="test_to_string_truncate_indices[20-10-index_scalar2]" time="0.019" /><testcase classname="tests.io.formats.test_format.TestDataFrameFormatting" name="test_to_string_truncate_indices[20-10-index_scalar3]" time="0.019" /><testcase classname="tests.io.formats.test_format.TestDataFrameFormatting" name="test_to_string_truncate_indices[20-20-aaaaaaaaaa]" time="0.021" /><testcase classname="tests.io.formats.test_format.TestDataFrameFormatting" name="test_to_string_truncate_indices[20-20-1]" time="0.020" /><testcase classname="tests.io.formats.test_format.TestDataFrameFormatting" name="test_to_string_truncate_indices[20-20-index_scalar2]" time="0.020" /><testcase classname="tests.io.formats.test_format.TestDataFrameFormatting" name="test_to_string_truncate_indices[20-20-index_scalar3]" time="0.020" /><testcase classname="tests.io.formats.test_format.TestDataFrameFormatting" name="test_to_string_truncate_multilevel" time="0.012" /><testcase classname="tests.io.formats.test_format.TestDataFrameFormatting" name="test_truncate_with_different_dtypes[object]" time="0.001" /><testcase classname="tests.io.formats.test_format.TestDataFrameFormatting" name="test_truncate_with_different_dtypes[datetime64[us]]" time="0.001" /><testcase classname="tests.io.formats.test_format.TestDataFrameFormatting" name="test_truncate_with_different_dtypes2" time="0.001" /><testcase classname="tests.io.formats.test_format.TestDataFrameFormatting" name="test_truncate_with_different_dtypes_multiindex" time="0.007" /><testcase classname="tests.io.formats.test_format.TestDataFrameFormatting" name="test_datetimelike_frame" time="0.012" /><testcase classname="tests.io.formats.test_format.TestDataFrameFormatting" name="test_datetimeindex_highprecision[2017-01-01 23:59:59.999999999]" time="0.003" /><testcase classname="tests.io.formats.test_format.TestDataFrameFormatting" name="test_datetimeindex_highprecision[2017-01-01 23:59:59.99999999]" time="0.003" /><testcase classname="tests.io.formats.test_format.TestDataFrameFormatting" name="test_datetimeindex_highprecision[2017-01-01 23:59:59.9999999]" time="0.003" /><testcase classname="tests.io.formats.test_format.TestDataFrameFormatting" name="test_datetimeindex_highprecision[2017-01-01 23:59:59.999999]" time="0.003" /><testcase classname="tests.io.formats.test_format.TestDataFrameFormatting" name="test_datetimeindex_highprecision[2017-01-01 23:59:59.99999]" time="0.003" /><testcase classname="tests.io.formats.test_format.TestDataFrameFormatting" name="test_datetimeindex_highprecision[2017-01-01 23:59:59.9999]" time="0.003" /><testcase classname="tests.io.formats.test_format.TestDataFrameFormatting" name="test_repr_corner" time="0.002" /><testcase classname="tests.io.formats.test_format.TestDataFrameFormatting" name="test_frame_info_encoding" time="0.007" /><testcase classname="tests.io.formats.test_format.TestDataFrameFormatting" name="test_wide_repr" time="0.012" /><testcase classname="tests.io.formats.test_format.TestDataFrameFormatting" name="test_wide_repr_wide_columns" time="0.002" /><testcase classname="tests.io.formats.test_format.TestDataFrameFormatting" name="test_wide_repr_named" time="0.013" /><testcase classname="tests.io.formats.test_format.TestDataFrameFormatting" name="test_wide_repr_multiindex" time="0.017" /><testcase classname="tests.io.formats.test_format.TestDataFrameFormatting" name="test_wide_repr_multiindex_cols" time="0.021" /><testcase classname="tests.io.formats.test_format.TestDataFrameFormatting" name="test_wide_repr_unicode" time="0.008" /><testcase classname="tests.io.formats.test_format.TestDataFrameFormatting" name="test_wide_repr_wide_long_columns" time="0.003" /><testcase classname="tests.io.formats.test_format.TestDataFrameFormatting" name="test_long_series" time="0.002" /><testcase classname="tests.io.formats.test_format.TestDataFrameFormatting" name="test_to_string_ascii_error" time="0.004" /><testcase classname="tests.io.formats.test_format.TestDataFrameFormatting" name="test_show_dimensions" time="0.018" /><testcase classname="tests.io.formats.test_format.TestDataFrameFormatting" name="test_info_repr" time="0.047" /><testcase classname="tests.io.formats.test_format.TestDataFrameFormatting" name="test_info_repr_max_cols" time="0.009" /><testcase classname="tests.io.formats.test_format.TestDataFrameFormatting" name="test_pprint_pathological_object" time="0.002" /><testcase classname="tests.io.formats.test_format.TestDataFrameFormatting" name="test_float_trim_zeros" time="0.003" /><testcase classname="tests.io.formats.test_format.TestDataFrameFormatting" name="test_repr_str_float_truncation[data0-0    3.50\ndtype: object]" time="0.001" /><testcase classname="tests.io.formats.test_format.TestDataFrameFormatting" name="test_repr_str_float_truncation[data1-0     1.2\n1    1.00\ndtype: object]" time="0.001" /><testcase classname="tests.io.formats.test_format.TestDataFrameFormatting" name="test_repr_str_float_truncation[data2-0   NaN\ndtype: float64]" time="0.001" /><testcase classname="tests.io.formats.test_format.TestDataFrameFormatting" name="test_repr_str_float_truncation[data3-0    None\ndtype: object]" time="0.001" /><testcase classname="tests.io.formats.test_format.TestDataFrameFormatting" name="test_repr_str_float_truncation[data4-0    3.50\n1     NaN\ndtype: object]" time="0.001" /><testcase classname="tests.io.formats.test_format.TestDataFrameFormatting" name="test_repr_str_float_truncation[data5-0    3.5\n1    NaN\ndtype: float64]" time="0.001" /><testcase classname="tests.io.formats.test_format.TestDataFrameFormatting" name="test_repr_str_float_truncation[data6-0     3.5\n1     NaN\n2    3.50\ndtype: object]" time="0.001" /><testcase classname="tests.io.formats.test_format.TestDataFrameFormatting" name="test_repr_str_float_truncation[data7-0     3.5\n1    None\n2    3.50\ndtype: object]" time="0.001" /><testcase classname="tests.io.formats.test_format.TestDataFrameFormatting" name="test_repr_float_format_in_object_col[format-0   1,000\n1    test\ndtype: object]" time="0.001" /><testcase classname="tests.io.formats.test_format.TestDataFrameFormatting" name="test_repr_float_format_in_object_col[format-0   1000.0000\n1        test\ndtype: object]" time="0.001" /><testcase classname="tests.io.formats.test_format.TestDataFrameFormatting" name="test_period" time="0.004" /><testcase classname="tests.io.formats.test_format.TestDataFrameFormatting" name="test_max_rows_fitted[10-10-10-10]" time="0.001" /><testcase classname="tests.io.formats.test_format.TestDataFrameFormatting" name="test_max_rows_fitted[10-10-None-10]" time="0.001" /><testcase classname="tests.io.formats.test_format.TestDataFrameFormatting" name="test_max_rows_fitted[10-8-None-8]" time="0.001" /><testcase classname="tests.io.formats.test_format.TestDataFrameFormatting" name="test_max_rows_fitted[20-30-10-30]" time="0.001" /><testcase classname="tests.io.formats.test_format.TestDataFrameFormatting" name="test_max_rows_fitted[50-30-10-10]" time="0.001" /><testcase classname="tests.io.formats.test_format.TestDataFrameFormatting" name="test_max_rows_fitted[100-60-10-10]" time="0.001" /><testcase classname="tests.io.formats.test_format.TestDataFrameFormatting" name="test_max_rows_fitted[60-60-10-60]" time="0.001" /><testcase classname="tests.io.formats.test_format.TestDataFrameFormatting" name="test_max_rows_fitted[61-60-10-10]" time="0.001" /><testcase classname="tests.io.formats.test_format.TestSeriesFormatting" name="test_freq_name_separation" time="0.001" /><testcase classname="tests.io.formats.test_format.TestSeriesFormatting" name="test_unicode_name_in_footer" time="0.000" /><testcase classname="tests.io.formats.test_format.TestSeriesFormatting" name="test_east_asian_unicode_series" time="0.011" /><testcase classname="tests.io.formats.test_format.TestSeriesFormatting" name="test_float_trim_zeros" time="0.001" /><testcase classname="tests.io.formats.test_format.TestSeriesFormatting" name="test_datetimeindex_highprecision[2017-01-01 23:59:59.999999999]" time="0.001" /><testcase classname="tests.io.formats.test_format.TestSeriesFormatting" name="test_datetimeindex_highprecision[2017-01-01 23:59:59.99999999]" time="0.001" /><testcase classname="tests.io.formats.test_format.TestSeriesFormatting" name="test_datetimeindex_highprecision[2017-01-01 23:59:59.9999999]" time="0.001" /><testcase classname="tests.io.formats.test_format.TestSeriesFormatting" name="test_datetimeindex_highprecision[2017-01-01 23:59:59.999999]" time="0.001" /><testcase classname="tests.io.formats.test_format.TestSeriesFormatting" name="test_datetimeindex_highprecision[2017-01-01 23:59:59.99999]" time="0.001" /><testcase classname="tests.io.formats.test_format.TestSeriesFormatting" name="test_datetimeindex_highprecision[2017-01-01 23:59:59.9999]" time="0.001" /><testcase classname="tests.io.formats.test_format.TestSeriesFormatting" name="test_mixed_datetime64" time="0.003" /><testcase classname="tests.io.formats.test_format.TestSeriesFormatting" name="test_period" time="0.001" /><testcase classname="tests.io.formats.test_format.TestSeriesFormatting" name="test_max_multi_index_display" time="0.006" /><testcase classname="tests.io.formats.test_format.TestSeriesFormatting" name="test_consistent_format" time="0.001" /><testcase classname="tests.io.formats.test_format.TestSeriesFormatting" name="test_format_explicit" time="0.002" /><testcase classname="tests.io.formats.test_format.TestSeriesFormatting" name="test_ncols" time="0.002" /><testcase classname="tests.io.formats.test_format.TestSeriesFormatting" name="test_max_rows_eq_one" time="0.001" /><testcase classname="tests.io.formats.test_format.TestSeriesFormatting" name="test_truncate_ndots" time="0.001" /><testcase classname="tests.io.formats.test_format.TestSeriesFormatting" name="test_show_dimensions" time="0.001" /><testcase classname="tests.io.formats.test_format.TestSeriesFormatting" name="test_repr_min_rows" time="0.002" /><testcase classname="tests.io.formats.test_format.TestGenericArrayFormatter" name="test_1d_array" time="0.000" /><testcase classname="tests.io.formats.test_format.TestGenericArrayFormatter" name="test_2d_array" time="0.001" /><testcase classname="tests.io.formats.test_format.TestGenericArrayFormatter" name="test_3d_array" time="0.001" /><testcase classname="tests.io.formats.test_format.TestFloatArrayFormatter" name="test_misc" time="0.000" /><testcase classname="tests.io.formats.test_format.TestFloatArrayFormatter" name="test_format" time="0.000" /><testcase classname="tests.io.formats.test_format.TestFloatArrayFormatter" name="test_output_display_precision_trailing_zeroes" time="0.001" /><testcase classname="tests.io.formats.test_format.TestFloatArrayFormatter" name="test_set_option_precision[value0-   0\n0  9]" time="0.002" /><testcase classname="tests.io.formats.test_format.TestFloatArrayFormatter" name="test_set_option_precision[value1-       0\n0  5e-01]" time="0.002" /><testcase classname="tests.io.formats.test_format.TestFloatArrayFormatter" name="test_set_option_precision[value2-    0\n0  11]" time="0.002" /><testcase classname="tests.io.formats.test_format.TestFloatArrayFormatter" name="test_set_option_precision[value3-    0\n0  10\n1  10]" time="0.002" /><testcase classname="tests.io.formats.test_format.TestFloatArrayFormatter" name="test_set_option_precision[value4-       0\n0  5e-01\n1  8e-01\n2 -1e+01]" time="0.002" /><testcase classname="tests.io.formats.test_format.TestFloatArrayFormatter" name="test_output_significant_digits" time="0.010" /><testcase classname="tests.io.formats.test_format.TestFloatArrayFormatter" name="test_too_long" time="0.006" /><testcase classname="tests.io.formats.test_format.TestTimedelta64Formatter" name="test_days" time="0.001" /><testcase classname="tests.io.formats.test_format.TestTimedelta64Formatter" name="test_days_neg" time="0.001" /><testcase classname="tests.io.formats.test_format.TestTimedelta64Formatter" name="test_subdays" time="0.000" /><testcase classname="tests.io.formats.test_format.TestTimedelta64Formatter" name="test_subdays_neg" time="0.000" /><testcase classname="tests.io.formats.test_format.TestTimedelta64Formatter" name="test_zero" time="0.001" /><testcase classname="tests.io.formats.test_format.TestDatetime64Formatter" name="test_mixed" time="0.001" /><testcase classname="tests.io.formats.test_format.TestDatetime64Formatter" name="test_dates" time="0.001" /><testcase classname="tests.io.formats.test_format.TestDatetime64Formatter" name="test_date_nanos" time="0.001" /><testcase classname="tests.io.formats.test_format.TestDatetime64Formatter" name="test_dates_display" time="0.002" /><testcase classname="tests.io.formats.test_format.TestDatetime64Formatter" name="test_datetime64formatter_yearmonth" time="0.001" /><testcase classname="tests.io.formats.test_format.TestDatetime64Formatter" name="test_datetime64formatter_hoursecond" time="0.001" /><testcase classname="tests.io.formats.test_format.TestDatetime64Formatter" name="test_datetime64formatter_tz_ms" time="0.001" /><testcase classname="tests.io.formats.test_format.TestFormatPercentiles" name="test_format_percentiles[percentiles0-expected0]" time="0.001" /><testcase classname="tests.io.formats.test_format.TestFormatPercentiles" name="test_format_percentiles[percentiles1-expected1]" time="0.001" /><testcase classname="tests.io.formats.test_format.TestFormatPercentiles" name="test_format_percentiles[percentiles2-expected2]" time="0.001" /><testcase classname="tests.io.formats.test_format.TestFormatPercentiles" name="test_format_percentiles[percentiles3-expected3]" time="0.001" /><testcase classname="tests.io.formats.test_format.TestFormatPercentiles" name="test_format_percentiles[percentiles4-expected4]" time="0.001" /><testcase classname="tests.io.formats.test_format.TestFormatPercentiles" name="test_error_format_percentiles[percentiles0]" time="0.001" /><testcase classname="tests.io.formats.test_format.TestFormatPercentiles" name="test_error_format_percentiles[percentiles1]" time="0.000" /><testcase classname="tests.io.formats.test_format.TestFormatPercentiles" name="test_error_format_percentiles[percentiles2]" time="0.000" /><testcase classname="tests.io.formats.test_format.TestFormatPercentiles" name="test_error_format_percentiles[percentiles3]" time="0.000" /><testcase classname="tests.io.formats.test_format.TestFormatPercentiles" name="test_format_percentiles_integer_idx" time="0.000" /><testcase classname="tests.io.formats.test_format" name="test_filepath_or_buffer_arg[string-None-abc-to_string]" time="0.004" /><testcase classname="tests.io.formats.test_format" name="test_filepath_or_buffer_arg[string-None-abc-to_html]" time="0.002" /><testcase classname="tests.io.formats.test_format" name="test_filepath_or_buffer_arg[string-None-abc-to_latex]" time="0.001"><skipped type="pytest.skip" message="could not import 'jinja2': No module named 'jinja2'">/home/tine/projekti/bug_fixing/pandas/.venv/lib/python3.12/site-packages/pandas/tests/io/formats/test_format.py:2270: could not import 'jinja2': No module named 'jinja2'</skipped></testcase><testcase classname="tests.io.formats.test_format" name="test_filepath_or_buffer_arg[string-utf-8-abc-to_string]" time="0.002" /><testcase classname="tests.io.formats.test_format" name="test_filepath_or_buffer_arg[string-utf-8-abc-to_html]" time="0.002" /><testcase classname="tests.io.formats.test_format" name="test_filepath_or_buffer_arg[string-utf-8-abc-to_latex]" time="0.001"><skipped type="pytest.skip" message="could not import 'jinja2': No module named 'jinja2'">/home/tine/projekti/bug_fixing/pandas/.venv/lib/python3.12/site-packages/pandas/tests/io/formats/test_format.py:2270: could not import 'jinja2': No module named 'jinja2'</skipped></testcase><testcase classname="tests.io.formats.test_format" name="test_filepath_or_buffer_arg[string-gbk-\u9020\u6210\u8f93\u51fa\u4e2d\u6587\u663e\u793a\u4e71\u7801-to_string]" time="0.014" /><testcase classname="tests.io.formats.test_format" name="test_filepath_or_buffer_arg[string-gbk-\u9020\u6210\u8f93\u51fa\u4e2d\u6587\u663e\u793a\u4e71\u7801-to_html]" time="0.002" /><testcase classname="tests.io.formats.test_format" name="test_filepath_or_buffer_arg[string-gbk-\u9020\u6210\u8f93\u51fa\u4e2d\u6587\u663e\u793a\u4e71\u7801-to_latex]" time="0.001"><skipped type="pytest.skip" message="could not import 'jinja2': No module named 'jinja2'">/home/tine/projekti/bug_fixing/pandas/.venv/lib/python3.12/site-packages/pandas/tests/io/formats/test_format.py:2270: could not import 'jinja2': No module named 'jinja2'</skipped></testcase><testcase classname="tests.io.formats.test_format" name="test_filepath_or_buffer_arg[string-foo-abc-to_string]" time="0.002" /><testcase classname="tests.io.formats.test_format" name="test_filepath_or_buffer_arg[string-foo-abc-to_html]" time="0.002" /><testcase classname="tests.io.formats.test_format" name="test_filepath_or_buffer_arg[string-foo-abc-to_latex]" time="0.001"><skipped type="pytest.skip" message="could not import 'jinja2': No module named 'jinja2'">/home/tine/projekti/bug_fixing/pandas/.venv/lib/python3.12/site-packages/pandas/tests/io/formats/test_format.py:2270: could not import 'jinja2': No module named 'jinja2'</skipped></testcase><testcase classname="tests.io.formats.test_format" name="test_filepath_or_buffer_arg[pathlike-None-abc-to_string]" time="0.002" /><testcase classname="tests.io.formats.test_format" name="test_filepath_or_buffer_arg[pathlike-None-abc-to_html]" time="0.002" /><testcase classname="tests.io.formats.test_format" name="test_filepath_or_buffer_arg[pathlike-None-abc-to_latex]" time="0.001"><skipped type="pytest.skip" message="could not import 'jinja2': No module named 'jinja2'">/home/tine/projekti/bug_fixing/pandas/.venv/lib/python3.12/site-packages/pandas/tests/io/formats/test_format.py:2270: could not import 'jinja2': No module named 'jinja2'</skipped></testcase><testcase classname="tests.io.formats.test_format" name="test_filepath_or_buffer_arg[pathlike-utf-8-abc-to_string]" time="0.002" /><testcase classname="tests.io.formats.test_format" name="test_filepath_or_buffer_arg[pathlike-utf-8-abc-to_html]" time="0.002" /><testcase classname="tests.io.formats.test_format" name="test_filepath_or_buffer_arg[pathlike-utf-8-abc-to_latex]" time="0.001"><skipped type="pytest.skip" message="could not import 'jinja2': No module named 'jinja2'">/home/tine/projekti/bug_fixing/pandas/.venv/lib/python3.12/site-packages/pandas/tests/io/formats/test_format.py:2270: could not import 'jinja2': No module named 'jinja2'</skipped></testcase><testcase classname="tests.io.formats.test_format" name="test_filepath_or_buffer_arg[pathlike-gbk-\u9020\u6210\u8f93\u51fa\u4e2d\u6587\u663e\u793a\u4e71\u7801-to_string]" time="0.002" /><testcase classname="tests.io.formats.test_format" name="test_filepath_or_buffer_arg[pathlike-gbk-\u9020\u6210\u8f93\u51fa\u4e2d\u6587\u663e\u793a\u4e71\u7801-to_html]" time="0.002" /><testcase classname="tests.io.formats.test_format" name="test_filepath_or_buffer_arg[pathlike-gbk-\u9020\u6210\u8f93\u51fa\u4e2d\u6587\u663e\u793a\u4e71\u7801-to_latex]" time="0.001"><skipped type="pytest.skip" message="could not import 'jinja2': No module named 'jinja2'">/home/tine/projekti/bug_fixing/pandas/.venv/lib/python3.12/site-packages/pandas/tests/io/formats/test_format.py:2270: could not import 'jinja2': No module named 'jinja2'</skipped></testcase><testcase classname="tests.io.formats.test_format" name="test_filepath_or_buffer_arg[pathlike-foo-abc-to_string]" time="0.002" /><testcase classname="tests.io.formats.test_format" name="test_filepath_or_buffer_arg[pathlike-foo-abc-to_html]" time="0.001" /><testcase classname="tests.io.formats.test_format" name="test_filepath_or_buffer_arg[pathlike-foo-abc-to_latex]" time="0.001"><skipped type="pytest.skip" message="could not import 'jinja2': No module named 'jinja2'">/home/tine/projekti/bug_fixing/pandas/.venv/lib/python3.12/site-packages/pandas/tests/io/formats/test_format.py:2270: could not import 'jinja2': No module named 'jinja2'</skipped></testcase><testcase classname="tests.io.formats.test_format" name="test_filepath_or_buffer_arg[buffer-None-abc-to_string]" time="0.002" /><testcase classname="tests.io.formats.test_format" name="test_filepath_or_buffer_arg[buffer-None-abc-to_html]" time="0.002" /><testcase classname="tests.io.formats.test_format" name="test_filepath_or_buffer_arg[buffer-None-abc-to_latex]" time="0.001"><skipped type="pytest.skip" message="could not import 'jinja2': No module named 'jinja2'">/home/tine/projekti/bug_fixing/pandas/.venv/lib/python3.12/site-packages/pandas/tests/io/formats/test_format.py:2270: could not import 'jinja2': No module named 'jinja2'</skipped></testcase><testcase classname="tests.io.formats.test_format" name="test_filepath_or_buffer_arg[buffer-utf-8-abc-to_string]" time="0.002" /><testcase classname="tests.io.formats.test_format" name="test_filepath_or_buffer_arg[buffer-utf-8-abc-to_html]" time="0.001" /><testcase classname="tests.io.formats.test_format" name="test_filepath_or_buffer_arg[buffer-utf-8-abc-to_latex]" time="0.001"><skipped type="pytest.skip" message="could not import 'jinja2': No module named 'jinja2'">/home/tine/projekti/bug_fixing/pandas/.venv/lib/python3.12/site-packages/pandas/tests/io/formats/test_format.py:2270: could not import 'jinja2': No module named 'jinja2'</skipped></testcase><testcase classname="tests.io.formats.test_format" name="test_filepath_or_buffer_arg[buffer-gbk-\u9020\u6210\u8f93\u51fa\u4e2d\u6587\u663e\u793a\u4e71\u7801-to_string]" time="0.001" /><testcase classname="tests.io.formats.test_format" name="test_filepath_or_buffer_arg[buffer-gbk-\u9020\u6210\u8f93\u51fa\u4e2d\u6587\u663e\u793a\u4e71\u7801-to_html]" time="0.001" /><testcase classname="tests.io.formats.test_format" name="test_filepath_or_buffer_arg[buffer-gbk-\u9020\u6210\u8f93\u51fa\u4e2d\u6587\u663e\u793a\u4e71\u7801-to_latex]" time="0.001"><skipped type="pytest.skip" message="could not import 'jinja2': No module named 'jinja2'">/home/tine/projekti/bug_fixing/pandas/.venv/lib/python3.12/site-packages/pandas/tests/io/formats/test_format.py:2270: could not import 'jinja2': No module named 'jinja2'</skipped></testcase><testcase classname="tests.io.formats.test_format" name="test_filepath_or_buffer_arg[buffer-foo-abc-to_string]" time="0.001" /><testcase classname="tests.io.formats.test_format" name="test_filepath_or_buffer_arg[buffer-foo-abc-to_html]" time="0.001" /><testcase classname="tests.io.formats.test_format" name="test_filepath_or_buffer_arg[buffer-foo-abc-to_latex]" time="0.001"><skipped type="pytest.skip" message="could not import 'jinja2': No module named 'jinja2'">/home/tine/projekti/bug_fixing/pandas/.venv/lib/python3.12/site-packages/pandas/tests/io/formats/test_format.py:2270: could not import 'jinja2': No module named 'jinja2'</skipped></testcase><testcase classname="tests.io.formats.test_format" name="test_filepath_or_buffer_bad_arg_raises[to_string]" time="0.003" /><testcase classname="tests.io.formats.test_format" name="test_filepath_or_buffer_bad_arg_raises[to_html]" time="0.003" /><testcase classname="tests.io.formats.test_format" name="test_filepath_or_buffer_bad_arg_raises[to_latex]" time="0.002"><skipped type="pytest.skip" message="could not import 'jinja2': No module named 'jinja2'">/home/tine/projekti/bug_fixing/pandas/.venv/lib/python3.12/site-packages/pandas/tests/io/formats/test_format.py:2299: could not import 'jinja2': No module named 'jinja2'</skipped></testcase></testsuite></testsuites>